\BOOKMARK [1][-]{table.1}{\376\377\000O\000p\000e\000n\000i\000n\000g\000\040\000V\000e\000r\000s\000e\000\040\040\024\000\040\000D\000v\000a\000\040\000S\000u\000p\000a\000r\000n\000a}{}% 1
\BOOKMARK [1][-]{Item.3}{\376\377\000B\000l\000e\000s\000s\000e\000d\000\040\000M\000o\000m\000e\000n\000t\000s\000\040\000w\000i\000t\000h\000\040\000D\000a\000a\000j\000i}{}% 2
\BOOKMARK [1][-]{Item.3}{\376\377\000M\000y\000\040\000J\000o\000u\000r\000n\000e\000y\000\040\000o\000f\000\040\000P\000h\000o\000t\000o\000g\000r\000a\000p\000h\000y}{}% 3
\BOOKMARK [1][-]{Item.3}{\376\377\000M\000y\000\040\000F\000a\000m\000i\000l\000y\000\040\000a\000n\000d\000\040\000O\000u\000r\000\040\000L\000e\000g\000a\000c\000y}{}% 4
\BOOKMARK [1][-]{Item.3}{\376\377\000F\000r\000o\000m\000\040\000M\000y\000\040\000T\000w\000i\000n\000\040\000D\000a\000u\000g\000h\000t\000e\000r\000s}{}% 5
\BOOKMARK [1][-]{Item.3}{\376\377\000M\000y\000\040\000L\000i\000f\000e\000\040\000P\000a\000r\000t\000n\000e\000r}{}% 6
\BOOKMARK [1][-]{Item.3}{\376\377\000M\000y\000\040\000E\000l\000d\000e\000r\000\040\000B\000r\000o\000t\000h\000e\000r\040\031\000s\000\040\000E\000n\000d\000e\000a\000v\000o\000u\000r}{}% 7
\BOOKMARK [1][-]{Item.3}{\376\377\000M\000o\000m\000e\000n\000t\000s\000\040\000A\000c\000r\000o\000s\000s\000\040\000M\000i\000l\000e\000s}{}% 8
\BOOKMARK [1][-]{Item.3}{\376\377\000M\000y\000\040\000O\000b\000s\000e\000r\000v\000a\000t\000i\000o\000n}{}% 9
\BOOKMARK [1][-]{Item.3}{\376\377\000T\000h\000e\000\040\000Q\000u\000i\000e\000t\000\040\000J\000o\000y\000\040\000o\000f\000\040\000P\000h\000o\000t\000o\000g\000r\000a\000p\000h\000y}{}% 10
\BOOKMARK [1][-]{Item.3}{\376\377\000D\000v\000a\000\040\000S\000u\000p\000a\000r\000n\000a\040\046}{}% 11
\BOOKMARK [1][-]{Item.3}{\376\377\000P\000a\000i\040\031\000s\000\040\000T\000h\000i\000s\000\040\000V\000e\000n\000t\000u\000r\000e\000\040\000H\000a\000s\000\040\000R\000e\000-\000I\000g\000n\000i\000t\000e\000d\000\040\000M\000y\000\040\000L\000o\000v\000e\000\040\000f\000o\000r\000\040\000L\000i\000f\000e}{}% 12
\BOOKMARK [1][-]{Item.3}{\376\377\000N\000a\000t\000u\000r\000e\000\040\000T\000h\000r\000o\000u\000g\000h\000\040\000t\000h\000e\000\040\000J\000u\000d\000g\000e\040\031\000s\000\040\000E\000y\000e\000s}{}% 13
\BOOKMARK [1][-]{Item.3}{\376\377\000T\000h\000e\000\040\000S\000o\000n\000g\000\040\000o\000f\000\040\000t\000h\000e\000\040\000H\000i\000l\000l\000s}{}% 14
\BOOKMARK [1][-]{Item.3}{\376\377\000T\000h\000e\000\040\000W\000h\000i\000s\000p\000e\000r\000i\000n\000g\000\040\000G\000i\000a\000n\000t}{}% 15
\BOOKMARK [1][-]{Item.3}{\376\377\000T\000h\000e\000\040\000G\000r\000a\000c\000e\000\040\000o\000f\000\040\000t\000h\000e\000\040\000G\000r\000a\000s\000s\000l\000a\000n\000d\000s}{}% 16
\BOOKMARK [1][-]{Item.3}{\376\377\000T\000h\000e\000\040\000E\000m\000e\000r\000a\000l\000d\000\040\000W\000h\000i\000s\000p\000e\000r}{}% 17
\BOOKMARK [1][-]{Item.3}{\376\377\000T\000h\000e\000\040\000F\000l\000a\000m\000e\000\040\000o\000f\000\040\000C\000o\000o\000r\000g}{}% 18
\BOOKMARK [1][-]{Item.3}{\376\377\000T\000h\000e\000\040\000S\000o\000n\000g\000\040\000o\000f\000\040\000t\000h\000e\000\040\000H\000i\000l\000l\000s\000\040\040\023\000\040\000B\000i\000r\000d\000i\000n\000g\000\040\000J\000o\000u\000r\000n\000e\000y\000\040\000t\000o\000\040\000C\000o\000o\000r\000g}{}% 19
\BOOKMARK [1][-]{Item.3}{\376\377\000T\000h\000e\000\040\000J\000e\000w\000e\000l\000\040\000o\000f\000\040\000S\000a\000t\000t\000a\000l}{}% 20
\BOOKMARK [1][-]{Item.3}{\376\377\000T\000h\000e\000\040\000C\000a\000l\000l\000\040\000o\000f\000\040\000t\000h\000e\000\040\000H\000i\000l\000l\000s}{}% 21
\BOOKMARK [1][-]{Item.3}{\376\377\000T\000h\000e\000\040\000E\000m\000e\000r\000a\000l\000d\000\040\000i\000n\000\040\000t\000h\000e\000\040\000R\000a\000i\000n\000\040\040\023\000\040\000C\000o\000m\000m\000o\000n\000\040\000E\000m\000e\000r\000a\000l\000d\000\040\000D\000o\000v\000e\000\040\000o\000f\000\040\000D\000u\000r\000g\000a\000\040\000W\000L\000S\000,\000\040\000K\000a\000r\000k\000a\000l\000a}{}% 22
\BOOKMARK [1][-]{Item.3}{\376\377\000T\000h\000e\000\040\000W\000h\000i\000s\000p\000e\000r\000i\000n\000g\000\040\000S\000o\000n\000g\000\040\000-\000\040\000G\000r\000e\000y\000-\000h\000e\000a\000d\000e\000d\000\040\000B\000u\000l\000b\000u\000l\000\040\000o\000f\000\040\000S\000o\000m\000v\000a\000r\000p\000e\000t\000,\000\040\000C\000o\000o\000r\000g}{}% 23
